<?xml version="1.0" encoding="UTF-8"?>
<!-- Generated by org.testng.reporters.JUnitReportReporter -->
<testsuite hostname="DESKTOP-9RPG47D" failures="0" tests="1" name="com.cucumber.test.CucumberRunner" time="0.000" errors="0" timestamp="2022-11-20T14:51:21 EST" skipped="1">
  <testcase classname="com.cucumber.test.CucumberRunner" name="runScenario" time="0.000">
    <skipped/>
  </testcase> <!-- runScenario -->
  <system-out/>
</testsuite> <!-- com.cucumber.test.CucumberRunner -->
